2024-06-14 09:27:29,562  INFO [TestNG-tests-1] BaseTest:49 - ****** property loaded successfully *****
2024-06-14 09:27:29,812  INFO [TestNG-tests-2] BaseTest:49 - ****** property loaded successfully *****
2024-06-14 09:27:32,837  INFO [TestNG-tests-2] BaseTest:71 - ****** browser selected *****
2024-06-14 09:27:32,837  INFO [TestNG-tests-1] BaseTest:71 - ****** browser selected *****
2024-06-14 09:27:32,910  INFO [TestNG-tests-1] BaseTest:74 - ****** window maximized *****
2024-06-14 09:27:32,913  INFO [TestNG-tests-2] BaseTest:74 - ****** window maximized *****
2024-06-14 09:27:34,826  INFO [TestNG-tests-2] BaseTest:114 - ****** Reached landing page  *****
2024-06-14 09:27:34,826  INFO [TestNG-tests-1] BaseTest:114 - ****** Reached landing page  *****
2024-06-14 09:27:34,859  INFO [TestNG-tests-2] BaseTest:26 - ****** submit order test entry  *****
2024-06-14 09:27:34,859  INFO [TestNG-tests-1] BaseTest:22 - ****** error validation test entry  *****
2024-06-14 09:27:35,578  INFO [TestNG-tests-1] BaseTest:25 - ****** error validation test exit  *****
2024-06-14 09:27:35,742  INFO [TestNG-tests-1] BaseTest:49 - ****** property loaded successfully *****
2024-06-14 09:27:37,067  INFO [TestNG-tests-1] BaseTest:71 - ****** browser selected *****
2024-06-14 09:27:37,120  INFO [TestNG-tests-1] BaseTest:74 - ****** window maximized *****
2024-06-14 09:27:39,139  INFO [TestNG-tests-1] BaseTest:114 - ****** Reached landing page  *****
2024-06-14 09:27:39,141  INFO [TestNG-tests-1] BaseTest:33 - ****** product error validation entry *****
2024-06-14 09:27:39,402  INFO [TestNG-tests-2] BaseTest:39 - ****** submit order test exit  *****
2024-06-14 09:27:39,542  INFO [TestNG-tests-2] BaseTest:49 - ****** property loaded successfully *****
2024-06-14 09:27:40,835  INFO [TestNG-tests-2] BaseTest:71 - ****** browser selected *****
2024-06-14 09:27:40,883  INFO [TestNG-tests-2] BaseTest:74 - ****** window maximized *****
2024-06-14 09:27:41,585  INFO [TestNG-tests-2] BaseTest:114 - ****** Reached landing page  *****
2024-06-14 09:27:41,589  INFO [TestNG-tests-2] BaseTest:26 - ****** submit order test entry  *****
2024-06-14 09:27:41,834  INFO [TestNG-tests-1] BaseTest:42 - ****** product error validation exit  *****
2024-06-14 09:27:44,859  INFO [TestNG-tests-2] BaseTest:39 - ****** submit order test exit  *****
2024-06-14 09:27:45,001  INFO [TestNG-tests-2] BaseTest:49 - ****** property loaded successfully *****
2024-06-14 09:27:46,274  INFO [TestNG-tests-2] BaseTest:71 - ****** browser selected *****
2024-06-14 09:27:46,320  INFO [TestNG-tests-2] BaseTest:74 - ****** window maximized *****
2024-06-14 09:27:46,758  INFO [TestNG-tests-2] BaseTest:114 - ****** Reached landing page  *****
2024-06-14 09:27:46,761  INFO [TestNG-tests-2] BaseTest:47 - ****** after submit order test-> order history test *****
2024-06-17 17:10:19,034  INFO [TestNG-tests-1] BaseTest:49 - ****** property loaded successfully *****
2024-06-17 17:10:19,226  INFO [TestNG-tests-2] BaseTest:49 - ****** property loaded successfully *****
2024-06-17 17:10:23,877  INFO [TestNG-tests-1] BaseTest:71 - ****** browser selected *****
2024-06-17 17:10:23,906  INFO [TestNG-tests-1] BaseTest:74 - ****** window maximized *****
2024-06-17 17:10:25,322  INFO [TestNG-tests-2] BaseTest:71 - ****** browser selected *****
2024-06-17 17:10:25,354  INFO [TestNG-tests-2] BaseTest:74 - ****** window maximized *****
2024-06-17 17:10:25,461  INFO [TestNG-tests-1] BaseTest:114 - ****** Reached landing page  *****
2024-06-17 17:10:25,473  INFO [TestNG-tests-1] BaseTest:22 - ****** error validation test entry  *****
2024-06-17 17:10:26,366  INFO [TestNG-tests-1] BaseTest:25 - ****** error validation test exit  *****
2024-06-17 17:10:26,455  INFO [TestNG-tests-1] BaseTest:49 - ****** property loaded successfully *****
2024-06-17 17:10:27,032  INFO [TestNG-tests-2] BaseTest:114 - ****** Reached landing page  *****
2024-06-17 17:10:27,036  INFO [TestNG-tests-2] BaseTest:26 - ****** submit order test entry  *****
2024-06-17 17:10:27,548  INFO [TestNG-tests-1] BaseTest:71 - ****** browser selected *****
2024-06-17 17:10:27,579  INFO [TestNG-tests-1] BaseTest:74 - ****** window maximized *****
2024-06-17 17:10:29,134  INFO [TestNG-tests-1] BaseTest:114 - ****** Reached landing page  *****
2024-06-17 17:10:29,136  INFO [TestNG-tests-1] BaseTest:33 - ****** product error validation entry *****
2024-06-17 17:10:30,323  INFO [TestNG-tests-2] BaseTest:39 - ****** submit order test exit  *****
2024-06-17 17:10:30,393  INFO [TestNG-tests-2] BaseTest:49 - ****** property loaded successfully *****
2024-06-17 17:10:31,193  INFO [TestNG-tests-1] BaseTest:42 - ****** product error validation exit  *****
2024-06-17 17:10:31,557  INFO [TestNG-tests-2] BaseTest:71 - ****** browser selected *****
2024-06-17 17:10:31,589  INFO [TestNG-tests-2] BaseTest:74 - ****** window maximized *****
2024-06-17 17:10:33,299  INFO [TestNG-tests-2] BaseTest:114 - ****** Reached landing page  *****
2024-06-17 17:10:33,301  INFO [TestNG-tests-2] BaseTest:26 - ****** submit order test entry  *****
2024-06-17 17:10:36,029  INFO [TestNG-tests-2] BaseTest:39 - ****** submit order test exit  *****
2024-06-17 17:10:36,117  INFO [TestNG-tests-2] BaseTest:49 - ****** property loaded successfully *****
2024-06-17 17:10:37,118  INFO [TestNG-tests-2] BaseTest:71 - ****** browser selected *****
2024-06-17 17:10:37,148  INFO [TestNG-tests-2] BaseTest:74 - ****** window maximized *****
2024-06-17 17:10:38,724  INFO [TestNG-tests-2] BaseTest:114 - ****** Reached landing page  *****
2024-06-17 17:10:38,725  INFO [TestNG-tests-2] BaseTest:47 - ****** after submit order test-> order history test *****
2024-07-15 15:20:38,113  INFO [main] BaseTest:49 - ****** property loaded successfully *****
2024-07-15 15:20:39,719  INFO [main] BaseTest:71 - ****** browser selected *****
2024-07-15 15:20:39,748  INFO [main] BaseTest:74 - ****** window maximized *****
2024-07-15 15:20:40,537  INFO [main] BaseTest:114 - ****** Reached landing page  *****
2024-07-15 15:20:40,542  INFO [main] BaseTest:22 - ****** error validation test entry  *****
2024-07-15 15:20:40,932  INFO [main] BaseTest:25 - ****** error validation test exit  *****
2024-07-15 15:20:41,022  INFO [main] BaseTest:49 - ****** property loaded successfully *****
2024-07-15 15:20:42,044  INFO [main] BaseTest:71 - ****** browser selected *****
2024-07-15 15:20:42,076  INFO [main] BaseTest:74 - ****** window maximized *****
2024-07-15 15:20:42,605  INFO [main] BaseTest:114 - ****** Reached landing page  *****
2024-07-15 15:20:42,607  INFO [main] BaseTest:33 - ****** product error validation entry *****
2024-07-15 15:20:44,623  INFO [main] BaseTest:42 - ****** product error validation exit  *****
2024-07-15 15:22:38,312  INFO [main] BaseTest:49 - ****** property loaded successfully *****
2024-07-15 15:22:39,895  INFO [main] BaseTest:71 - ****** browser selected *****
2024-07-15 15:22:39,924  INFO [main] BaseTest:74 - ****** window maximized *****
2024-07-15 15:22:41,485  INFO [main] BaseTest:114 - ****** Reached landing page  *****
2024-07-15 15:22:41,489  INFO [main] BaseTest:26 - ****** submit order test entry  *****
2024-07-15 15:22:51,820  INFO [main] BaseTest:49 - ****** property loaded successfully *****
2024-07-15 15:22:52,844  INFO [main] BaseTest:71 - ****** browser selected *****
2024-07-15 15:22:52,876  INFO [main] BaseTest:74 - ****** window maximized *****
2024-07-15 15:22:55,324  INFO [main] BaseTest:114 - ****** Reached landing page  *****
2024-07-15 15:22:55,325  INFO [main] BaseTest:26 - ****** submit order test entry  *****
2024-07-15 15:22:58,065  INFO [main] BaseTest:39 - ****** submit order test exit  *****
2024-07-15 15:24:28,307  INFO [TestNG-tests-1] BaseTest:49 - ****** property loaded successfully *****
2024-07-15 15:24:28,459  INFO [TestNG-tests-2] BaseTest:49 - ****** property loaded successfully *****
2024-07-15 15:24:30,038  INFO [TestNG-tests-1] BaseTest:71 - ****** browser selected *****
2024-07-15 15:24:30,038  INFO [TestNG-tests-2] BaseTest:71 - ****** browser selected *****
2024-07-15 15:24:30,087  INFO [TestNG-tests-1] BaseTest:74 - ****** window maximized *****
2024-07-15 15:24:30,087  INFO [TestNG-tests-2] BaseTest:74 - ****** window maximized *****
2024-07-15 15:24:31,084  INFO [TestNG-tests-1] BaseTest:114 - ****** Reached landing page  *****
2024-07-15 15:24:31,096  INFO [TestNG-tests-1] BaseTest:22 - ****** error validation test entry  *****
2024-07-15 15:24:31,517  INFO [TestNG-tests-1] BaseTest:25 - ****** error validation test exit  *****
2024-07-15 15:24:31,600  INFO [TestNG-tests-1] BaseTest:49 - ****** property loaded successfully *****
2024-07-15 15:24:32,198  INFO [TestNG-tests-2] BaseTest:114 - ****** Reached landing page  *****
2024-07-15 15:24:32,200  INFO [TestNG-tests-2] BaseTest:26 - ****** submit order test entry  *****
2024-07-15 15:24:32,700  INFO [TestNG-tests-1] BaseTest:71 - ****** browser selected *****
2024-07-15 15:24:32,728  INFO [TestNG-tests-1] BaseTest:74 - ****** window maximized *****
2024-07-15 15:24:34,538  INFO [TestNG-tests-1] BaseTest:114 - ****** Reached landing page  *****
2024-07-15 15:24:34,540  INFO [TestNG-tests-1] BaseTest:33 - ****** product error validation entry *****
2024-07-15 15:24:36,498  INFO [TestNG-tests-1] BaseTest:42 - ****** product error validation exit  *****
2024-07-15 15:24:42,887  INFO [TestNG-tests-2] BaseTest:49 - ****** property loaded successfully *****
2024-07-15 15:24:43,886  INFO [TestNG-tests-2] BaseTest:71 - ****** browser selected *****
2024-07-15 15:24:43,920  INFO [TestNG-tests-2] BaseTest:74 - ****** window maximized *****
2024-07-15 15:24:45,510  INFO [TestNG-tests-2] BaseTest:114 - ****** Reached landing page  *****
2024-07-15 15:24:45,511  INFO [TestNG-tests-2] BaseTest:26 - ****** submit order test entry  *****
2024-07-15 15:24:48,276  INFO [TestNG-tests-2] BaseTest:39 - ****** submit order test exit  *****
2024-07-15 15:34:08,582  INFO [main] BaseTest:49 - ****** property loaded successfully *****
2024-07-15 15:34:10,173  INFO [main] BaseTest:71 - ****** browser selected *****
2024-07-15 15:34:10,206  INFO [main] BaseTest:74 - ****** window maximized *****
2024-07-15 15:34:12,795  INFO [main] BaseTest:114 - ****** Reached landing page  *****
2024-07-15 15:34:12,800  INFO [main] BaseTest:26 - ****** submit order test entry  *****
2024-07-15 15:34:15,572  INFO [main] BaseTest:39 - ****** submit order test exit  *****
2024-07-15 15:34:15,660  INFO [main] BaseTest:49 - ****** property loaded successfully *****
2024-07-15 15:34:16,665  INFO [main] BaseTest:71 - ****** browser selected *****
2024-07-15 15:34:16,696  INFO [main] BaseTest:74 - ****** window maximized *****
2024-07-15 15:34:20,274  INFO [main] BaseTest:114 - ****** Reached landing page  *****
2024-07-15 15:34:20,275  INFO [main] BaseTest:26 - ****** submit order test entry  *****
2024-07-15 15:34:22,923  INFO [main] BaseTest:39 - ****** submit order test exit  *****
2024-07-15 15:34:23,003  INFO [main] BaseTest:49 - ****** property loaded successfully *****
2024-07-15 15:34:24,008  INFO [main] BaseTest:71 - ****** browser selected *****
2024-07-15 15:34:24,041  INFO [main] BaseTest:74 - ****** window maximized *****
2024-07-15 15:34:24,559  INFO [main] BaseTest:114 - ****** Reached landing page  *****
2024-07-15 15:34:24,561  INFO [main] BaseTest:47 - ****** after submit order test-> order history test *****
2024-07-15 15:36:19,233  INFO [main] BaseTest:49 - ****** property loaded successfully *****
2024-07-15 15:36:20,779  INFO [main] BaseTest:71 - ****** browser selected *****
2024-07-15 15:36:20,817  INFO [main] BaseTest:74 - ****** window maximized *****
2024-07-15 15:36:23,628  INFO [main] BaseTest:114 - ****** Reached landing page  *****
2024-07-15 15:36:23,633  INFO [main] BaseTest:26 - ****** submit order test entry  *****
2024-07-15 15:36:26,354  INFO [main] BaseTest:39 - ****** submit order test exit  *****
2024-07-15 15:36:26,435  INFO [main] BaseTest:49 - ****** property loaded successfully *****
2024-07-15 15:36:27,459  INFO [main] BaseTest:71 - ****** browser selected *****
2024-07-15 15:36:27,491  INFO [main] BaseTest:74 - ****** window maximized *****
2024-07-15 15:36:29,059  INFO [main] BaseTest:114 - ****** Reached landing page  *****
2024-07-15 15:36:29,060  INFO [main] BaseTest:26 - ****** submit order test entry  *****
2024-07-15 15:36:31,832  INFO [main] BaseTest:39 - ****** submit order test exit  *****
2024-07-15 15:36:31,910  INFO [main] BaseTest:49 - ****** property loaded successfully *****
2024-07-15 15:36:32,908  INFO [main] BaseTest:71 - ****** browser selected *****
2024-07-15 15:36:32,940  INFO [main] BaseTest:74 - ****** window maximized *****
2024-07-15 15:36:33,964  INFO [main] BaseTest:114 - ****** Reached landing page  *****
2024-07-15 15:36:33,966  INFO [main] BaseTest:47 - ****** after submit order test-> order history test *****
2024-07-15 15:38:00,236  INFO [main] BaseTest:49 - ****** property loaded successfully *****
2024-07-15 15:38:01,774  INFO [main] BaseTest:71 - ****** browser selected *****
2024-07-15 15:38:01,805  INFO [main] BaseTest:74 - ****** window maximized *****
2024-07-15 15:38:03,434  INFO [main] BaseTest:114 - ****** Reached landing page  *****
2024-07-15 15:38:03,439  INFO [main] BaseTest:22 - ****** error validation test entry  *****
2024-07-15 15:38:03,827  INFO [main] BaseTest:25 - ****** error validation test exit  *****
2024-07-15 15:38:03,913  INFO [main] BaseTest:49 - ****** property loaded successfully *****
2024-07-15 15:38:04,926  INFO [main] BaseTest:71 - ****** browser selected *****
2024-07-15 15:38:04,955  INFO [main] BaseTest:74 - ****** window maximized *****
2024-07-15 15:38:07,332  INFO [main] BaseTest:114 - ****** Reached landing page  *****
2024-07-15 15:38:07,334  INFO [main] BaseTest:33 - ****** product error validation entry *****
2024-07-15 15:38:09,332  INFO [main] BaseTest:42 - ****** product error validation exit  *****
2024-07-15 15:39:28,352  INFO [main] BaseTest:49 - ****** property loaded successfully *****
2024-07-15 15:39:29,899  INFO [main] BaseTest:71 - ****** browser selected *****
2024-07-15 15:39:29,929  INFO [main] BaseTest:74 - ****** window maximized *****
2024-07-15 15:39:31,672  INFO [main] BaseTest:114 - ****** Reached landing page  *****
2024-07-15 15:39:31,966  INFO [main] BaseTest:49 - ****** property loaded successfully *****
2024-07-15 15:39:32,975  INFO [main] BaseTest:71 - ****** browser selected *****
2024-07-15 15:39:33,007  INFO [main] BaseTest:74 - ****** window maximized *****
2024-07-15 15:39:33,575  INFO [main] BaseTest:114 - ****** Reached landing page  *****
2024-07-15 15:39:35,849  INFO [main] BaseTest:49 - ****** property loaded successfully *****
2024-07-15 15:39:36,877  INFO [main] BaseTest:71 - ****** browser selected *****
2024-07-15 15:39:36,907  INFO [main] BaseTest:74 - ****** window maximized *****
2024-07-15 15:39:37,453  INFO [main] BaseTest:114 - ****** Reached landing page  *****
2024-07-15 15:39:47,824  INFO [main] BaseTest:49 - ****** property loaded successfully *****
2024-07-15 15:39:48,821  INFO [main] BaseTest:71 - ****** browser selected *****
2024-07-15 15:39:48,849  INFO [main] BaseTest:74 - ****** window maximized *****
2024-07-15 15:39:49,391  INFO [main] BaseTest:114 - ****** Reached landing page  *****
2024-07-15 15:41:23,875  INFO [main] BaseTest:49 - ****** property loaded successfully *****
2024-07-15 15:41:25,406  INFO [main] BaseTest:71 - ****** browser selected *****
2024-07-15 15:41:25,438  INFO [main] BaseTest:74 - ****** window maximized *****
2024-07-15 15:41:26,145  INFO [main] BaseTest:114 - ****** Reached landing page  *****
2024-07-15 15:41:26,459  INFO [main] BaseTest:49 - ****** property loaded successfully *****
2024-07-15 15:41:27,462  INFO [main] BaseTest:71 - ****** browser selected *****
2024-07-15 15:41:27,491  INFO [main] BaseTest:74 - ****** window maximized *****
2024-07-15 15:41:28,006  INFO [main] BaseTest:114 - ****** Reached landing page  *****
2024-07-15 15:41:30,277  INFO [main] BaseTest:49 - ****** property loaded successfully *****
2024-07-15 15:41:31,299  INFO [main] BaseTest:71 - ****** browser selected *****
2024-07-15 15:41:31,329  INFO [main] BaseTest:74 - ****** window maximized *****
2024-07-15 15:41:34,525  INFO [main] BaseTest:114 - ****** Reached landing page  *****
2024-07-15 15:41:45,090  INFO [main] BaseTest:49 - ****** property loaded successfully *****
2024-07-15 15:41:46,091  INFO [main] BaseTest:71 - ****** browser selected *****
2024-07-15 15:41:46,122  INFO [main] BaseTest:74 - ****** window maximized *****
2024-07-15 15:41:46,778  INFO [main] BaseTest:114 - ****** Reached landing page  *****
2024-07-15 15:45:27,738  INFO [main] BaseTest:49 - ****** property loaded successfully *****
2024-07-15 15:45:29,345  INFO [main] BaseTest:71 - ****** browser selected *****
2024-07-15 15:45:29,376  INFO [main] BaseTest:74 - ****** window maximized *****
2024-07-15 15:45:31,158  INFO [main] BaseTest:114 - ****** Reached landing page  *****
2024-07-15 15:45:31,436  INFO [main] BaseTest:49 - ****** property loaded successfully *****
2024-07-15 15:45:32,445  INFO [main] BaseTest:71 - ****** browser selected *****
2024-07-15 15:45:32,474  INFO [main] BaseTest:74 - ****** window maximized *****
2024-07-15 15:45:33,047  INFO [main] BaseTest:114 - ****** Reached landing page  *****
2024-07-15 15:45:35,322  INFO [main] BaseTest:49 - ****** property loaded successfully *****
2024-07-15 15:45:36,317  INFO [main] BaseTest:71 - ****** browser selected *****
2024-07-15 15:45:36,350  INFO [main] BaseTest:74 - ****** window maximized *****
2024-07-15 15:45:36,880  INFO [main] BaseTest:114 - ****** Reached landing page  *****
2024-07-15 15:45:47,447  INFO [main] BaseTest:49 - ****** property loaded successfully *****
2024-07-15 15:45:48,450  INFO [main] BaseTest:71 - ****** browser selected *****
2024-07-15 15:45:48,484  INFO [main] BaseTest:74 - ****** window maximized *****
2024-07-15 15:45:50,911  INFO [main] BaseTest:114 - ****** Reached landing page  *****
2024-07-15 15:53:46,203  INFO [main] BaseTest:49 - ****** property loaded successfully *****
2024-07-15 15:53:47,837  INFO [main] BaseTest:71 - ****** browser selected *****
2024-07-15 15:53:47,869  INFO [main] BaseTest:74 - ****** window maximized *****
2024-07-15 15:53:49,488  INFO [main] BaseTest:114 - ****** Reached landing page  *****
2024-07-15 15:53:49,798  INFO [main] BaseTest:49 - ****** property loaded successfully *****
2024-07-15 15:53:50,809  INFO [main] BaseTest:71 - ****** browser selected *****
2024-07-15 15:53:50,841  INFO [main] BaseTest:74 - ****** window maximized *****
2024-07-15 15:53:52,345  INFO [main] BaseTest:114 - ****** Reached landing page  *****
2024-07-15 15:53:54,581  INFO [main] BaseTest:49 - ****** property loaded successfully *****
2024-07-15 15:53:55,589  INFO [main] BaseTest:71 - ****** browser selected *****
2024-07-15 15:53:55,621  INFO [main] BaseTest:74 - ****** window maximized *****
2024-07-15 15:53:57,129  INFO [main] BaseTest:114 - ****** Reached landing page  *****
2024-07-15 15:54:07,630  INFO [main] BaseTest:49 - ****** property loaded successfully *****
2024-07-15 15:54:08,632  INFO [main] BaseTest:71 - ****** browser selected *****
2024-07-15 15:54:08,662  INFO [main] BaseTest:74 - ****** window maximized *****
2024-07-15 15:54:10,182  INFO [main] BaseTest:114 - ****** Reached landing page  *****
2024-07-15 15:55:47,210  INFO [main] BaseTest:49 - ****** property loaded successfully *****
2024-07-15 15:55:48,748  INFO [main] BaseTest:71 - ****** browser selected *****
2024-07-15 15:55:48,779  INFO [main] BaseTest:74 - ****** window maximized *****
2024-07-15 15:55:51,182  INFO [main] BaseTest:114 - ****** Reached landing page  *****
2024-07-15 15:55:51,461  INFO [main] BaseTest:49 - ****** property loaded successfully *****
2024-07-15 15:55:52,468  INFO [main] BaseTest:71 - ****** browser selected *****
2024-07-15 15:55:52,502  INFO [main] BaseTest:74 - ****** window maximized *****
2024-07-15 15:55:54,188  INFO [main] BaseTest:114 - ****** Reached landing page  *****
2024-07-15 15:55:54,901  INFO [main] BaseTest:49 - ****** property loaded successfully *****
2024-07-15 15:55:55,905  INFO [main] BaseTest:71 - ****** browser selected *****
2024-07-15 15:55:55,938  INFO [main] BaseTest:74 - ****** window maximized *****
2024-07-15 15:55:57,391  INFO [main] BaseTest:114 - ****** Reached landing page  *****
2024-07-15 15:56:07,917  INFO [main] BaseTest:49 - ****** property loaded successfully *****
2024-07-15 15:56:08,954  INFO [main] BaseTest:71 - ****** browser selected *****
2024-07-15 15:56:08,985  INFO [main] BaseTest:74 - ****** window maximized *****
2024-07-15 15:56:10,463  INFO [main] BaseTest:114 - ****** Reached landing page  *****
2024-07-15 15:57:15,777  INFO [main] BaseTest:49 - ****** property loaded successfully *****
2024-07-15 15:57:17,294  INFO [main] BaseTest:71 - ****** browser selected *****
2024-07-15 15:57:17,325  INFO [main] BaseTest:74 - ****** window maximized *****
2024-07-15 15:57:19,458  INFO [main] BaseTest:114 - ****** Reached landing page  *****
2024-07-15 15:57:19,773  INFO [main] BaseTest:49 - ****** property loaded successfully *****
2024-07-15 15:57:20,769  INFO [main] BaseTest:71 - ****** browser selected *****
2024-07-15 15:57:20,798  INFO [main] BaseTest:74 - ****** window maximized *****
2024-07-15 15:57:23,096  INFO [main] BaseTest:114 - ****** Reached landing page  *****
2024-07-15 15:57:25,309  INFO [main] BaseTest:49 - ****** property loaded successfully *****
2024-07-15 15:57:26,301  INFO [main] BaseTest:71 - ****** browser selected *****
2024-07-15 15:57:26,333  INFO [main] BaseTest:74 - ****** window maximized *****
2024-07-15 15:57:26,887  INFO [main] BaseTest:114 - ****** Reached landing page  *****
2024-07-15 15:57:37,425  INFO [main] BaseTest:49 - ****** property loaded successfully *****
2024-07-15 15:57:38,417  INFO [main] BaseTest:71 - ****** browser selected *****
2024-07-15 15:57:38,450  INFO [main] BaseTest:74 - ****** window maximized *****
2024-07-15 15:57:39,099  INFO [main] BaseTest:114 - ****** Reached landing page  *****
2024-07-15 15:59:21,791  INFO [main] BaseTest:49 - ****** property loaded successfully *****
2024-07-15 15:59:23,340  INFO [main] BaseTest:71 - ****** browser selected *****
2024-07-15 15:59:23,384  INFO [main] BaseTest:74 - ****** window maximized *****
2024-07-15 15:59:24,898  INFO [main] BaseTest:114 - ****** Reached landing page  *****
2024-07-15 15:59:25,208  INFO [main] BaseTest:49 - ****** property loaded successfully *****
2024-07-15 15:59:26,198  INFO [main] BaseTest:71 - ****** browser selected *****
2024-07-15 15:59:26,229  INFO [main] BaseTest:74 - ****** window maximized *****
2024-07-15 15:59:29,596  INFO [main] BaseTest:114 - ****** Reached landing page  *****
2024-07-15 15:59:30,272  INFO [main] BaseTest:49 - ****** property loaded successfully *****
2024-07-15 15:59:31,269  INFO [main] BaseTest:71 - ****** browser selected *****
2024-07-15 15:59:31,299  INFO [main] BaseTest:74 - ****** window maximized *****
2024-07-15 15:59:32,823  INFO [main] BaseTest:114 - ****** Reached landing page  *****
2024-07-15 15:59:43,348  INFO [main] BaseTest:49 - ****** property loaded successfully *****
2024-07-15 15:59:44,347  INFO [main] BaseTest:71 - ****** browser selected *****
2024-07-15 15:59:44,378  INFO [main] BaseTest:74 - ****** window maximized *****
2024-07-15 15:59:45,936  INFO [main] BaseTest:114 - ****** Reached landing page  *****
2024-07-15 16:02:24,832  INFO [TestNG-tests-2] BaseTest:49 - ****** property loaded successfully *****
2024-07-15 16:02:26,957  INFO [TestNG-tests-2] BaseTest:71 - ****** browser selected *****
2024-07-15 16:02:26,986  INFO [TestNG-tests-2] BaseTest:74 - ****** window maximized *****
2024-07-15 16:02:29,424  INFO [TestNG-tests-2] BaseTest:114 - ****** Reached landing page  *****
2024-07-15 16:02:29,429  INFO [TestNG-tests-2] BaseTest:22 - ****** error validation test entry  *****
2024-07-15 16:02:29,790  INFO [TestNG-tests-2] BaseTest:25 - ****** error validation test exit  *****
2024-07-15 16:03:59,919  INFO [TestNG-tests-2] BaseTest:49 - ****** property loaded successfully *****
2024-07-15 16:03:59,921  INFO [TestNG-tests-1] BaseTest:49 - ****** property loaded successfully *****
2024-07-15 16:04:00,128  INFO [TestNG-tests-3] BaseTest:49 - ****** property loaded successfully *****
2024-07-15 16:04:02,130  INFO [TestNG-tests-1] BaseTest:71 - ****** browser selected *****
2024-07-15 16:04:02,130  INFO [TestNG-tests-2] BaseTest:71 - ****** browser selected *****
2024-07-15 16:04:02,130  INFO [TestNG-tests-3] BaseTest:71 - ****** browser selected *****
2024-07-15 16:04:02,194  INFO [TestNG-tests-3] BaseTest:74 - ****** window maximized *****
2024-07-15 16:04:02,199  INFO [TestNG-tests-1] BaseTest:74 - ****** window maximized *****
2024-07-15 16:04:02,199  INFO [TestNG-tests-2] BaseTest:74 - ****** window maximized *****
2024-07-15 16:04:03,781  INFO [TestNG-tests-3] BaseTest:114 - ****** Reached landing page  *****
2024-07-15 16:04:03,795  INFO [TestNG-tests-3] BaseTest:25 - ****** submit order test entry  *****
2024-07-15 16:04:03,885  INFO [TestNG-tests-1] BaseTest:114 - ****** Reached landing page  *****
2024-07-15 16:04:03,887  INFO [TestNG-tests-1] BaseTest:22 - ****** error validation test entry  *****
2024-07-15 16:04:04,393  INFO [TestNG-tests-1] BaseTest:25 - ****** error validation test exit  *****
2024-07-15 16:04:04,517  INFO [TestNG-tests-1] BaseTest:49 - ****** property loaded successfully *****
2024-07-15 16:04:04,856  INFO [TestNG-tests-2] BaseTest:114 - ****** Reached landing page  *****
2024-07-15 16:04:05,302  INFO [TestNG-tests-2] BaseTest:49 - ****** property loaded successfully *****
2024-07-15 16:04:05,863  INFO [TestNG-tests-1] BaseTest:71 - ****** browser selected *****
2024-07-15 16:04:05,898  INFO [TestNG-tests-1] BaseTest:74 - ****** window maximized *****
2024-07-15 16:04:06,346  INFO [TestNG-tests-2] BaseTest:71 - ****** browser selected *****
2024-07-15 16:04:06,378  INFO [TestNG-tests-2] BaseTest:74 - ****** window maximized *****
2024-07-15 16:04:06,808  INFO [TestNG-tests-3] BaseTest:38 - ****** submit order test exit  *****
2024-07-15 16:04:06,889  INFO [TestNG-tests-3] BaseTest:49 - ****** property loaded successfully *****
2024-07-15 16:04:07,245  INFO [TestNG-tests-2] BaseTest:114 - ****** Reached landing page  *****
2024-07-15 16:04:07,990  INFO [TestNG-tests-3] BaseTest:71 - ****** browser selected *****
2024-07-15 16:04:08,025  INFO [TestNG-tests-3] BaseTest:74 - ****** window maximized *****
2024-07-15 16:04:08,555  INFO [TestNG-tests-1] BaseTest:114 - ****** Reached landing page  *****
2024-07-15 16:04:08,557  INFO [TestNG-tests-1] BaseTest:33 - ****** product error validation entry *****
2024-07-15 16:04:09,756  INFO [TestNG-tests-2] BaseTest:49 - ****** property loaded successfully *****
2024-07-15 16:04:10,530  INFO [TestNG-tests-3] BaseTest:114 - ****** Reached landing page  *****
2024-07-15 16:04:10,531  INFO [TestNG-tests-3] BaseTest:25 - ****** submit order test entry  *****
2024-07-15 16:04:10,556  INFO [TestNG-tests-1] BaseTest:42 - ****** product error validation exit  *****
2024-07-15 16:04:10,823  INFO [TestNG-tests-2] BaseTest:71 - ****** browser selected *****
2024-07-15 16:04:10,856  INFO [TestNG-tests-2] BaseTest:74 - ****** window maximized *****
2024-07-15 16:04:12,470  INFO [TestNG-tests-2] BaseTest:114 - ****** Reached landing page  *****
2024-07-15 16:04:13,546  INFO [TestNG-tests-3] BaseTest:38 - ****** submit order test exit  *****
2024-07-15 16:04:13,592  INFO [TestNG-tests-3] BaseTest:49 - ****** property loaded successfully *****
2024-07-15 16:04:14,713  INFO [TestNG-tests-3] BaseTest:71 - ****** browser selected *****
2024-07-15 16:04:14,744  INFO [TestNG-tests-3] BaseTest:74 - ****** window maximized *****
2024-07-15 16:04:16,315  INFO [TestNG-tests-3] BaseTest:114 - ****** Reached landing page  *****
2024-07-15 16:04:16,316  INFO [TestNG-tests-3] BaseTest:45 - ****** after submit order test-> order history test *****
2024-07-15 16:04:23,064  INFO [TestNG-tests-2] BaseTest:49 - ****** property loaded successfully *****
2024-07-15 16:04:24,059  INFO [TestNG-tests-2] BaseTest:71 - ****** browser selected *****
2024-07-15 16:04:24,093  INFO [TestNG-tests-2] BaseTest:74 - ****** window maximized *****
2024-07-15 16:04:25,658  INFO [TestNG-tests-2] BaseTest:114 - ****** Reached landing page  *****
2024-07-15 19:03:10,516  INFO [main] BaseTest:49 - ****** property loaded successfully *****
2024-07-15 19:03:13,178  INFO [main] BaseTest:71 - ****** browser selected *****
2024-07-15 19:03:13,248  INFO [main] BaseTest:74 - ****** window maximized *****
2024-07-15 19:03:16,784  INFO [main] BaseTest:114 - ****** Reached landing page  *****
2024-07-15 19:06:08,101  INFO [main] BaseTest:49 - ****** property loaded successfully *****
2024-07-15 19:06:10,067  INFO [main] BaseTest:71 - ****** browser selected *****
2024-07-15 19:06:10,118  INFO [main] BaseTest:74 - ****** window maximized *****
2024-07-15 19:06:12,923  INFO [main] BaseTest:114 - ****** Reached landing page  *****
2024-07-16 08:36:21,490  INFO [main] BaseTest:49 - ****** property loaded successfully *****
2024-07-16 08:36:24,452  INFO [main] BaseTest:71 - ****** browser selected *****
2024-07-16 08:36:24,532  INFO [main] BaseTest:74 - ****** window maximized *****
2024-07-16 08:36:27,786  INFO [main] BaseTest:114 - ****** Reached landing page  *****
2024-07-16 08:36:28,331  INFO [main] BaseTest:49 - ****** property loaded successfully *****
2024-07-16 08:36:29,618  INFO [main] BaseTest:71 - ****** browser selected *****
2024-07-16 08:36:29,669  INFO [main] BaseTest:74 - ****** window maximized *****
2024-07-16 08:36:31,896  INFO [main] BaseTest:114 - ****** Reached landing page  *****
2024-07-16 08:36:32,390  INFO [main] BaseTest:49 - ****** property loaded successfully *****
2024-07-16 08:36:33,656  INFO [main] BaseTest:71 - ****** browser selected *****
2024-07-16 08:36:33,720  INFO [main] BaseTest:74 - ****** window maximized *****
2024-07-16 08:36:35,680  INFO [main] BaseTest:114 - ****** Reached landing page  *****
2024-07-16 08:36:36,175  INFO [main] BaseTest:49 - ****** property loaded successfully *****
2024-07-16 08:36:37,457  INFO [main] BaseTest:71 - ****** browser selected *****
2024-07-16 08:36:37,508  INFO [main] BaseTest:74 - ****** window maximized *****
2024-07-16 08:36:39,921  INFO [main] BaseTest:114 - ****** Reached landing page  *****
